<?xml version="1.0" encoding="UTF-8"?>
<testsuite name="com.el.util.DateUtilSpec" tests="1" skipped="0" failures="0" errors="0" timestamp="2016-08-01T03:04:46" hostname="CharlesdeMacBook-Air.local" time="0.07">
  <properties/>
  <testcase name="days between two dates" classname="com.el.util.DateUtilSpec" time="0.07"/>
  <system-out><![CDATA[]]></system-out>
  <system-err><![CDATA[]]></system-err>
</testsuite>
