<?xml version="1.0" encoding="UTF-8"?>
<testsuite name="com.el.sys.mapper.StpUserMapperTest" tests="5" skipped="0" failures="0" errors="0" timestamp="2016-08-01T03:04:46" hostname="CharlesdeMacBook-Air.local" time="0.112">
  <properties/>
  <testcase name="updateUser" classname="com.el.sys.mapper.StpUserMapperTest" time="0.03"/>
  <testcase name="selectByUsernameLike" classname="com.el.sys.mapper.StpUserMapperTest" time="0.019"/>
  <testcase name="insertUser" classname="com.el.sys.mapper.StpUserMapperTest" time="0.025"/>
  <testcase name="disableUser" classname="com.el.sys.mapper.StpUserMapperTest" time="0.012"/>
  <testcase name="enableUser" classname="com.el.sys.mapper.StpUserMapperTest" time="0.02"/>
  <system-out><![CDATA[2016-08-01 11:04:46.578  INFO   --- [    Test worker] o.s.t.c.s.DefaultTestContextBootstrapper : Loaded default TestExecutionListener class names from location [META-INF/spring.factories]: [org.springframework.test.context.web.ServletTestExecutionListener, org.springframework.test.context.support.DirtiesContextBeforeModesTestExecutionListener, org.springframework.test.context.support.DependencyInjectionTestExecutionListener, org.springframework.test.context.support.DirtiesContextTestExecutionListener, org.springframework.test.context.transaction.TransactionalTestExecutionListener, org.springframework.test.context.jdbc.SqlScriptsTestExecutionListener]
2016-08-01 11:04:46.579  INFO   --- [    Test worker] o.s.t.c.s.DefaultTestContextBootstrapper : Using TestExecutionListeners: [org.springframework.test.context.web.ServletTestExecutionListener@1cbd1408, org.springframework.test.context.support.DirtiesContextBeforeModesTestExecutionListener@481199b, org.springframework.test.context.support.DependencyInjectionTestExecutionListener@6ab67029, org.springframework.test.context.support.DirtiesContextTestExecutionListener@56c130c3, org.springframework.test.context.transaction.TransactionalTestExecutionListener@22286347, org.springframework.test.context.jdbc.SqlScriptsTestExecutionListener@2e69eb58]
2016-08-01 11:04:46.586  INFO   --- [    Test worker] o.s.t.c.transaction.TransactionContext   : Began transaction (1) for test context [DefaultTestContext@281eedda testClass = StpUserMapperTest, testInstance = com.el.sys.mapper.StpUserMapperTest@605da29c, testMethod = updateUser@StpUserMapperTest, testException = [null], mergedContextConfiguration = [MergedContextConfiguration@7787e184 testClass = StpUserMapperTest, locations = '{}', classes = '{class com.el.test.TestRepositoryConfiguration}', contextInitializerClasses = '[]', activeProfiles = '{}', propertySourceLocations = '{}', propertySourceProperties = '{}', contextLoader = 'org.springframework.test.context.support.DelegatingSmartContextLoader', parent = [null]]]; transaction manager [org.springframework.jdbc.datasource.DataSourceTransactionManager@5b5daccc]; rollback [true]
2016-08-01 11:04:46.598 DEBUG   --- [    Test worker] c.e.sys.mapper.StpUserMapper.updateUser  : ==>  Preparing: UPDATE s_users SET username = ?, password = ?, role = ?, profile = ?, audit_version = audit_version + 1, audit_user_id = ?, audit_time_at = SYSTIMESTAMP, audit_prog_id = ?, audit_node_id = ? WHERE (id = ? AND audit_version = ?) 
2016-08-01 11:04:46.605 DEBUG   --- [    Test worker] c.e.sys.mapper.StpUserMapper.updateUser  : ==> Parameters: guest(String), <password>(String), GUEST(String), {nickName: '^v^'}(String), 0(Long), TEST_PROG(String), TEST_NODE(String), 0(Long), 1(Long)
2016-08-01 11:04:46.609 DEBUG   --- [    Test worker] c.e.sys.mapper.StpUserMapper.updateUser  : <==    Updates: 1
2016-08-01 11:04:46.614  INFO   --- [    Test worker] o.s.t.c.transaction.TransactionContext   : Rolled back transaction for test context [DefaultTestContext@281eedda testClass = StpUserMapperTest, testInstance = com.el.sys.mapper.StpUserMapperTest@605da29c, testMethod = updateUser@StpUserMapperTest, testException = [null], mergedContextConfiguration = [MergedContextConfiguration@7787e184 testClass = StpUserMapperTest, locations = '{}', classes = '{class com.el.test.TestRepositoryConfiguration}', contextInitializerClasses = '[]', activeProfiles = '{}', propertySourceLocations = '{}', propertySourceProperties = '{}', contextLoader = 'org.springframework.test.context.support.DelegatingSmartContextLoader', parent = [null]]].
2016-08-01 11:04:46.617  INFO   --- [    Test worker] o.s.t.c.transaction.TransactionContext   : Began transaction (1) for test context [DefaultTestContext@281eedda testClass = StpUserMapperTest, testInstance = com.el.sys.mapper.StpUserMapperTest@2c69eaba, testMethod = selectByUsernameLike@StpUserMapperTest, testException = [null], mergedContextConfiguration = [MergedContextConfiguration@7787e184 testClass = StpUserMapperTest, locations = '{}', classes = '{class com.el.test.TestRepositoryConfiguration}', contextInitializerClasses = '[]', activeProfiles = '{}', propertySourceLocations = '{}', propertySourceProperties = '{}', contextLoader = 'org.springframework.test.context.support.DelegatingSmartContextLoader', parent = [null]]]; transaction manager [org.springframework.jdbc.datasource.DataSourceTransactionManager@5b5daccc]; rollback [true]
2016-08-01 11:04:46.623 DEBUG   --- [    Test worker] c.e.s.m.S.selectByUsernameLike           : ==>  Preparing: SELECT id, enabled, username, password, role, profile, audit_version FROM s_users WHERE (username like'%m%') 
2016-08-01 11:04:46.624 DEBUG   --- [    Test worker] c.e.s.m.S.selectByUsernameLike           : ==> Parameters: 
2016-08-01 11:04:46.629 DEBUG   --- [    Test worker] c.e.s.m.S.selectByUsernameLike           : <==      Total: 6
[APP-TEST] selectByUsernameLike: 6
2016-08-01 11:04:46.634  INFO   --- [    Test worker] o.s.t.c.transaction.TransactionContext   : Rolled back transaction for test context [DefaultTestContext@281eedda testClass = StpUserMapperTest, testInstance = com.el.sys.mapper.StpUserMapperTest@2c69eaba, testMethod = selectByUsernameLike@StpUserMapperTest, testException = [null], mergedContextConfiguration = [MergedContextConfiguration@7787e184 testClass = StpUserMapperTest, locations = '{}', classes = '{class com.el.test.TestRepositoryConfiguration}', contextInitializerClasses = '[]', activeProfiles = '{}', propertySourceLocations = '{}', propertySourceProperties = '{}', contextLoader = 'org.springframework.test.context.support.DelegatingSmartContextLoader', parent = [null]]].
2016-08-01 11:04:46.638  INFO   --- [    Test worker] o.s.t.c.transaction.TransactionContext   : Began transaction (1) for test context [DefaultTestContext@281eedda testClass = StpUserMapperTest, testInstance = com.el.sys.mapper.StpUserMapperTest@228e636f, testMethod = insertUser@StpUserMapperTest, testException = [null], mergedContextConfiguration = [MergedContextConfiguration@7787e184 testClass = StpUserMapperTest, locations = '{}', classes = '{class com.el.test.TestRepositoryConfiguration}', contextInitializerClasses = '[]', activeProfiles = '{}', propertySourceLocations = '{}', propertySourceProperties = '{}', contextLoader = 'org.springframework.test.context.support.DelegatingSmartContextLoader', parent = [null]]]; transaction manager [org.springframework.jdbc.datasource.DataSourceTransactionManager@5b5daccc]; rollback [true]
2016-08-01 11:04:46.644 DEBUG   --- [    Test worker] c.e.s.m.S.insertUser!selectKey           : ==>  Executing: SELECT seq_s_users.NEXTVAL FROM DUAL 
2016-08-01 11:04:46.649 DEBUG   --- [    Test worker] c.e.s.m.S.insertUser!selectKey           : <==      Total: 1
2016-08-01 11:04:46.649 DEBUG   --- [    Test worker] c.e.sys.mapper.StpUserMapper.insertUser  : ==>  Preparing: INSERT INTO s_users (id, username, password, role, profile, audit_version, audit_user_id, audit_time_at, audit_prog_id, audit_node_id) VALUES (?, ?, ?, ?, ?, 1, ?, SYSTIMESTAMP, ?, ?) 
2016-08-01 11:04:46.650 DEBUG   --- [    Test worker] c.e.sys.mapper.StpUserMapper.insertUser  : ==> Parameters: 47(Long), guest(String), <password>(String), GUEST(String), {nickName: '^v^'}(String), 0(Long), TEST_PROG(String), TEST_NODE(String)
2016-08-01 11:04:46.654 DEBUG   --- [    Test worker] c.e.sys.mapper.StpUserMapper.insertUser  : <==    Updates: 1
2016-08-01 11:04:46.660  INFO   --- [    Test worker] o.s.t.c.transaction.TransactionContext   : Rolled back transaction for test context [DefaultTestContext@281eedda testClass = StpUserMapperTest, testInstance = com.el.sys.mapper.StpUserMapperTest@228e636f, testMethod = insertUser@StpUserMapperTest, testException = [null], mergedContextConfiguration = [MergedContextConfiguration@7787e184 testClass = StpUserMapperTest, locations = '{}', classes = '{class com.el.test.TestRepositoryConfiguration}', contextInitializerClasses = '[]', activeProfiles = '{}', propertySourceLocations = '{}', propertySourceProperties = '{}', contextLoader = 'org.springframework.test.context.support.DelegatingSmartContextLoader', parent = [null]]].
2016-08-01 11:04:46.663  INFO   --- [    Test worker] o.s.t.c.transaction.TransactionContext   : Began transaction (1) for test context [DefaultTestContext@281eedda testClass = StpUserMapperTest, testInstance = com.el.sys.mapper.StpUserMapperTest@968ce3b, testMethod = disableUser@StpUserMapperTest, testException = [null], mergedContextConfiguration = [MergedContextConfiguration@7787e184 testClass = StpUserMapperTest, locations = '{}', classes = '{class com.el.test.TestRepositoryConfiguration}', contextInitializerClasses = '[]', activeProfiles = '{}', propertySourceLocations = '{}', propertySourceProperties = '{}', contextLoader = 'org.springframework.test.context.support.DelegatingSmartContextLoader', parent = [null]]]; transaction manager [org.springframework.jdbc.datasource.DataSourceTransactionManager@5b5daccc]; rollback [true]
2016-08-01 11:04:46.664 DEBUG   --- [    Test worker] c.e.s.mapper.StpUserMapper.disableUser   : ==>  Preparing: UPDATE s_users SET enabled = 0, audit_version = audit_version + 1, audit_user_id = ?, audit_time_at = SYSTIMESTAMP, audit_prog_id = ?, audit_node_id = ? WHERE (id = ? AND audit_version = ?) 
2016-08-01 11:04:46.664 DEBUG   --- [    Test worker] c.e.s.mapper.StpUserMapper.disableUser   : ==> Parameters: 0(Long), TEST_PROG(String), TEST_NODE(String), 0(Long), 1(Long)
2016-08-01 11:04:46.668 DEBUG   --- [    Test worker] c.e.s.mapper.StpUserMapper.disableUser   : <==    Updates: 1
2016-08-01 11:04:46.673  INFO   --- [    Test worker] o.s.t.c.transaction.TransactionContext   : Rolled back transaction for test context [DefaultTestContext@281eedda testClass = StpUserMapperTest, testInstance = com.el.sys.mapper.StpUserMapperTest@968ce3b, testMethod = disableUser@StpUserMapperTest, testException = [null], mergedContextConfiguration = [MergedContextConfiguration@7787e184 testClass = StpUserMapperTest, locations = '{}', classes = '{class com.el.test.TestRepositoryConfiguration}', contextInitializerClasses = '[]', activeProfiles = '{}', propertySourceLocations = '{}', propertySourceProperties = '{}', contextLoader = 'org.springframework.test.context.support.DelegatingSmartContextLoader', parent = [null]]].
2016-08-01 11:04:46.680  INFO   --- [    Test worker] o.s.t.c.transaction.TransactionContext   : Began transaction (1) for test context [DefaultTestContext@281eedda testClass = StpUserMapperTest, testInstance = com.el.sys.mapper.StpUserMapperTest@4ceb167c, testMethod = enableUser@StpUserMapperTest, testException = [null], mergedContextConfiguration = [MergedContextConfiguration@7787e184 testClass = StpUserMapperTest, locations = '{}', classes = '{class com.el.test.TestRepositoryConfiguration}', contextInitializerClasses = '[]', activeProfiles = '{}', propertySourceLocations = '{}', propertySourceProperties = '{}', contextLoader = 'org.springframework.test.context.support.DelegatingSmartContextLoader', parent = [null]]]; transaction manager [org.springframework.jdbc.datasource.DataSourceTransactionManager@5b5daccc]; rollback [true]
2016-08-01 11:04:46.685 DEBUG   --- [    Test worker] c.e.sys.mapper.StpUserMapper.enableUser  : ==>  Preparing: UPDATE s_users SET enabled = 1, audit_version = audit_version + 1, audit_user_id = ?, audit_time_at = SYSTIMESTAMP, audit_prog_id = ?, audit_node_id = ? WHERE (id = ? AND audit_version = ?) 
2016-08-01 11:04:46.686 DEBUG   --- [    Test worker] c.e.sys.mapper.StpUserMapper.enableUser  : ==> Parameters: 0(Long), TEST_PROG(String), TEST_NODE(String), 0(Long), 1(Long)
2016-08-01 11:04:46.691 DEBUG   --- [    Test worker] c.e.sys.mapper.StpUserMapper.enableUser  : <==    Updates: 1
2016-08-01 11:04:46.695  INFO   --- [    Test worker] o.s.t.c.transaction.TransactionContext   : Rolled back transaction for test context [DefaultTestContext@281eedda testClass = StpUserMapperTest, testInstance = com.el.sys.mapper.StpUserMapperTest@4ceb167c, testMethod = enableUser@StpUserMapperTest, testException = [null], mergedContextConfiguration = [MergedContextConfiguration@7787e184 testClass = StpUserMapperTest, locations = '{}', classes = '{class com.el.test.TestRepositoryConfiguration}', contextInitializerClasses = '[]', activeProfiles = '{}', propertySourceLocations = '{}', propertySourceProperties = '{}', contextLoader = 'org.springframework.test.context.support.DelegatingSmartContextLoader', parent = [null]]].
]]></system-out>
  <system-err><![CDATA[]]></system-err>
</testsuite>
