<?xml version="1.0" encoding="UTF-8"?>
<testsuite name="com.el.sys.mapper.LockMapperTest" tests="6" skipped="0" failures="0" errors="0" timestamp="2016-08-01T03:04:46" hostname="CharlesdeMacBook-Air.local" time="0.099">
  <properties/>
  <testcase name="unlockSession" classname="com.el.sys.mapper.LockMapperTest" time="0.021"/>
  <testcase name="unlockNode" classname="com.el.sys.mapper.LockMapperTest" time="0.01"/>
  <testcase name="unlock" classname="com.el.sys.mapper.LockMapperTest" time="0.012"/>
  <testcase name="getSyncLock" classname="com.el.sys.mapper.LockMapperTest" time="0.021"/>
  <testcase name="getLock" classname="com.el.sys.mapper.LockMapperTest" time="0.014"/>
  <testcase name="lock" classname="com.el.sys.mapper.LockMapperTest" time="0.013"/>
  <system-out><![CDATA[2016-08-01 11:04:46.423  INFO   --- [    Test worker] o.s.t.c.s.DefaultTestContextBootstrapper : Loaded default TestExecutionListener class names from location [META-INF/spring.factories]: [org.springframework.test.context.web.ServletTestExecutionListener, org.springframework.test.context.support.DirtiesContextBeforeModesTestExecutionListener, org.springframework.test.context.support.DependencyInjectionTestExecutionListener, org.springframework.test.context.support.DirtiesContextTestExecutionListener, org.springframework.test.context.transaction.TransactionalTestExecutionListener, org.springframework.test.context.jdbc.SqlScriptsTestExecutionListener]
2016-08-01 11:04:46.424  INFO   --- [    Test worker] o.s.t.c.s.DefaultTestContextBootstrapper : Using TestExecutionListeners: [org.springframework.test.context.web.ServletTestExecutionListener@334dc392, org.springframework.test.context.support.DirtiesContextBeforeModesTestExecutionListener@5ea1a82, org.springframework.test.context.support.DependencyInjectionTestExecutionListener@76ef01ac, org.springframework.test.context.support.DirtiesContextTestExecutionListener@784a2810, org.springframework.test.context.transaction.TransactionalTestExecutionListener@25c635d8, org.springframework.test.context.jdbc.SqlScriptsTestExecutionListener@70ad05e8]
2016-08-01 11:04:46.436  INFO   --- [    Test worker] o.s.t.c.transaction.TransactionContext   : Began transaction (1) for test context [DefaultTestContext@5b846d5f testClass = LockMapperTest, testInstance = com.el.sys.mapper.LockMapperTest@29f6ee17, testMethod = unlockSession@LockMapperTest, testException = [null], mergedContextConfiguration = [MergedContextConfiguration@7ec18830 testClass = LockMapperTest, locations = '{}', classes = '{class com.el.test.TestRepositoryConfiguration}', contextInitializerClasses = '[]', activeProfiles = '{}', propertySourceLocations = '{}', propertySourceProperties = '{}', contextLoader = 'org.springframework.test.context.support.DelegatingSmartContextLoader', parent = [null]]]; transaction manager [org.springframework.jdbc.datasource.DataSourceTransactionManager@5b5daccc]; rollback [true]
2016-08-01 11:04:46.443 DEBUG   --- [    Test worker] com.el.sys.mapper.LockMapper.unlock      : ==>  Preparing: DELETE FROM s_locks WHERE (lock_code = ? AND lock_data = ? AND lock_id = ?) 
2016-08-01 11:04:46.444 DEBUG   --- [    Test worker] com.el.sys.mapper.LockMapper.unlock      : ==> Parameters: ORDER(String), A201607270001(String), d75462c7-73ce-4d0f-9a4d-9abb4e665719(String)
2016-08-01 11:04:46.448 DEBUG   --- [    Test worker] com.el.sys.mapper.LockMapper.unlock      : <==    Updates: 0
2016-08-01 11:04:46.453  INFO   --- [    Test worker] o.s.t.c.transaction.TransactionContext   : Rolled back transaction for test context [DefaultTestContext@5b846d5f testClass = LockMapperTest, testInstance = com.el.sys.mapper.LockMapperTest@29f6ee17, testMethod = unlockSession@LockMapperTest, testException = [null], mergedContextConfiguration = [MergedContextConfiguration@7ec18830 testClass = LockMapperTest, locations = '{}', classes = '{class com.el.test.TestRepositoryConfiguration}', contextInitializerClasses = '[]', activeProfiles = '{}', propertySourceLocations = '{}', propertySourceProperties = '{}', contextLoader = 'org.springframework.test.context.support.DelegatingSmartContextLoader', parent = [null]]].
2016-08-01 11:04:46.457  INFO   --- [    Test worker] o.s.t.c.transaction.TransactionContext   : Began transaction (1) for test context [DefaultTestContext@5b846d5f testClass = LockMapperTest, testInstance = com.el.sys.mapper.LockMapperTest@56b94859, testMethod = unlockNode@LockMapperTest, testException = [null], mergedContextConfiguration = [MergedContextConfiguration@7ec18830 testClass = LockMapperTest, locations = '{}', classes = '{class com.el.test.TestRepositoryConfiguration}', contextInitializerClasses = '[]', activeProfiles = '{}', propertySourceLocations = '{}', propertySourceProperties = '{}', contextLoader = 'org.springframework.test.context.support.DelegatingSmartContextLoader', parent = [null]]]; transaction manager [org.springframework.jdbc.datasource.DataSourceTransactionManager@5b5daccc]; rollback [true]
2016-08-01 11:04:46.458 DEBUG   --- [    Test worker] com.el.sys.mapper.LockMapper.unlockNode  : ==>  Preparing: DELETE FROM s_locks WHERE node_id = ? 
2016-08-01 11:04:46.458 DEBUG   --- [    Test worker] com.el.sys.mapper.LockMapper.unlockNode  : ==> Parameters: TEST_NODE(String)
2016-08-01 11:04:46.461 DEBUG   --- [    Test worker] com.el.sys.mapper.LockMapper.unlockNode  : <==    Updates: 0
2016-08-01 11:04:46.465  INFO   --- [    Test worker] o.s.t.c.transaction.TransactionContext   : Rolled back transaction for test context [DefaultTestContext@5b846d5f testClass = LockMapperTest, testInstance = com.el.sys.mapper.LockMapperTest@56b94859, testMethod = unlockNode@LockMapperTest, testException = [null], mergedContextConfiguration = [MergedContextConfiguration@7ec18830 testClass = LockMapperTest, locations = '{}', classes = '{class com.el.test.TestRepositoryConfiguration}', contextInitializerClasses = '[]', activeProfiles = '{}', propertySourceLocations = '{}', propertySourceProperties = '{}', contextLoader = 'org.springframework.test.context.support.DelegatingSmartContextLoader', parent = [null]]].
2016-08-01 11:04:46.468  INFO   --- [    Test worker] o.s.t.c.transaction.TransactionContext   : Began transaction (1) for test context [DefaultTestContext@5b846d5f testClass = LockMapperTest, testInstance = com.el.sys.mapper.LockMapperTest@4bf2cd2e, testMethod = unlock@LockMapperTest, testException = [null], mergedContextConfiguration = [MergedContextConfiguration@7ec18830 testClass = LockMapperTest, locations = '{}', classes = '{class com.el.test.TestRepositoryConfiguration}', contextInitializerClasses = '[]', activeProfiles = '{}', propertySourceLocations = '{}', propertySourceProperties = '{}', contextLoader = 'org.springframework.test.context.support.DelegatingSmartContextLoader', parent = [null]]]; transaction manager [org.springframework.jdbc.datasource.DataSourceTransactionManager@5b5daccc]; rollback [true]
2016-08-01 11:04:46.469 DEBUG   --- [    Test worker] com.el.sys.mapper.LockMapper.unlock      : ==>  Preparing: DELETE FROM s_locks WHERE (lock_code = ? AND lock_data = ? AND lock_id = ?) 
2016-08-01 11:04:46.470 DEBUG   --- [    Test worker] com.el.sys.mapper.LockMapper.unlock      : ==> Parameters: ORDER(String), A201607270001(String), 087e4ea2-ebc5-4a73-9514-439edfd1f7fb(String)
2016-08-01 11:04:46.475 DEBUG   --- [    Test worker] com.el.sys.mapper.LockMapper.unlock      : <==    Updates: 0
2016-08-01 11:04:46.479  INFO   --- [    Test worker] o.s.t.c.transaction.TransactionContext   : Rolled back transaction for test context [DefaultTestContext@5b846d5f testClass = LockMapperTest, testInstance = com.el.sys.mapper.LockMapperTest@4bf2cd2e, testMethod = unlock@LockMapperTest, testException = [null], mergedContextConfiguration = [MergedContextConfiguration@7ec18830 testClass = LockMapperTest, locations = '{}', classes = '{class com.el.test.TestRepositoryConfiguration}', contextInitializerClasses = '[]', activeProfiles = '{}', propertySourceLocations = '{}', propertySourceProperties = '{}', contextLoader = 'org.springframework.test.context.support.DelegatingSmartContextLoader', parent = [null]]].
2016-08-01 11:04:46.483  INFO   --- [    Test worker] o.s.t.c.transaction.TransactionContext   : Began transaction (1) for test context [DefaultTestContext@5b846d5f testClass = LockMapperTest, testInstance = com.el.sys.mapper.LockMapperTest@4233d21c, testMethod = getSyncLock@LockMapperTest, testException = [null], mergedContextConfiguration = [MergedContextConfiguration@7ec18830 testClass = LockMapperTest, locations = '{}', classes = '{class com.el.test.TestRepositoryConfiguration}', contextInitializerClasses = '[]', activeProfiles = '{}', propertySourceLocations = '{}', propertySourceProperties = '{}', contextLoader = 'org.springframework.test.context.support.DelegatingSmartContextLoader', parent = [null]]]; transaction manager [org.springframework.jdbc.datasource.DataSourceTransactionManager@5b5daccc]; rollback [true]
2016-08-01 11:04:46.484 DEBUG   --- [    Test worker] c.el.sys.mapper.LockMapper.getSyncLock   : ==>  Preparing: SELECT 1 FROM s_locks WHERE lock_code = 'LOCK' AND lock_data = '*' FOR UPDATE 
2016-08-01 11:04:46.486 DEBUG   --- [    Test worker] c.el.sys.mapper.LockMapper.getSyncLock   : ==> Parameters: 
2016-08-01 11:04:46.498 DEBUG   --- [    Test worker] c.el.sys.mapper.LockMapper.getSyncLock   : <==      Total: 0
2016-08-01 11:04:46.501  INFO   --- [    Test worker] o.s.t.c.transaction.TransactionContext   : Rolled back transaction for test context [DefaultTestContext@5b846d5f testClass = LockMapperTest, testInstance = com.el.sys.mapper.LockMapperTest@4233d21c, testMethod = getSyncLock@LockMapperTest, testException = [null], mergedContextConfiguration = [MergedContextConfiguration@7ec18830 testClass = LockMapperTest, locations = '{}', classes = '{class com.el.test.TestRepositoryConfiguration}', contextInitializerClasses = '[]', activeProfiles = '{}', propertySourceLocations = '{}', propertySourceProperties = '{}', contextLoader = 'org.springframework.test.context.support.DelegatingSmartContextLoader', parent = [null]]].
2016-08-01 11:04:46.505  INFO   --- [    Test worker] o.s.t.c.transaction.TransactionContext   : Began transaction (1) for test context [DefaultTestContext@5b846d5f testClass = LockMapperTest, testInstance = com.el.sys.mapper.LockMapperTest@33e54827, testMethod = getLock@LockMapperTest, testException = [null], mergedContextConfiguration = [MergedContextConfiguration@7ec18830 testClass = LockMapperTest, locations = '{}', classes = '{class com.el.test.TestRepositoryConfiguration}', contextInitializerClasses = '[]', activeProfiles = '{}', propertySourceLocations = '{}', propertySourceProperties = '{}', contextLoader = 'org.springframework.test.context.support.DelegatingSmartContextLoader', parent = [null]]]; transaction manager [org.springframework.jdbc.datasource.DataSourceTransactionManager@5b5daccc]; rollback [true]
2016-08-01 11:04:46.506 DEBUG   --- [    Test worker] com.el.sys.mapper.LockMapper.getLock     : ==>  Preparing: SELECT lock_code as lockCode, lock_data as lockData, lock_id as lockId, sess_id as sessId, node_id as nodeId, lock_by as lockBy, lock_at as lockAt FROM s_locks WHERE (lock_code = ? AND lock_data = ?) 
2016-08-01 11:04:46.507 DEBUG   --- [    Test worker] com.el.sys.mapper.LockMapper.getLock     : ==> Parameters: ORDER(String), A201607270001(String)
2016-08-01 11:04:46.512 DEBUG   --- [    Test worker] com.el.sys.mapper.LockMapper.getLock     : <==      Total: 0
2016-08-01 11:04:46.517  INFO   --- [    Test worker] o.s.t.c.transaction.TransactionContext   : Rolled back transaction for test context [DefaultTestContext@5b846d5f testClass = LockMapperTest, testInstance = com.el.sys.mapper.LockMapperTest@33e54827, testMethod = getLock@LockMapperTest, testException = [null], mergedContextConfiguration = [MergedContextConfiguration@7ec18830 testClass = LockMapperTest, locations = '{}', classes = '{class com.el.test.TestRepositoryConfiguration}', contextInitializerClasses = '[]', activeProfiles = '{}', propertySourceLocations = '{}', propertySourceProperties = '{}', contextLoader = 'org.springframework.test.context.support.DelegatingSmartContextLoader', parent = [null]]].
2016-08-01 11:04:46.521  INFO   --- [    Test worker] o.s.t.c.transaction.TransactionContext   : Began transaction (1) for test context [DefaultTestContext@5b846d5f testClass = LockMapperTest, testInstance = com.el.sys.mapper.LockMapperTest@76ed9f6c, testMethod = lock@LockMapperTest, testException = [null], mergedContextConfiguration = [MergedContextConfiguration@7ec18830 testClass = LockMapperTest, locations = '{}', classes = '{class com.el.test.TestRepositoryConfiguration}', contextInitializerClasses = '[]', activeProfiles = '{}', propertySourceLocations = '{}', propertySourceProperties = '{}', contextLoader = 'org.springframework.test.context.support.DelegatingSmartContextLoader', parent = [null]]]; transaction manager [org.springframework.jdbc.datasource.DataSourceTransactionManager@5b5daccc]; rollback [true]
2016-08-01 11:04:46.522 DEBUG   --- [    Test worker] com.el.sys.mapper.LockMapper.lock        : ==>  Preparing: INSERT INTO s_locks (lock_code, lock_desc, lock_data, lock_id, sess_id, node_id, lock_by, lock_at) VALUES (?, ?, ?, ?, ?, ?, ?, SYSTIMESTAMP) 
2016-08-01 11:04:46.523 DEBUG   --- [    Test worker] com.el.sys.mapper.LockMapper.lock        : ==> Parameters: ORDER(String), 订单编辑中(String), A201607270001(String), e59ac7c7-0815-4029-98bd-6830912f2292(String), 0123456789ABCDEF0123456789ABCDEF(String), TEST_NODE(String), TEST_USER(String)
2016-08-01 11:04:46.527 DEBUG   --- [    Test worker] com.el.sys.mapper.LockMapper.lock        : <==    Updates: 1
2016-08-01 11:04:46.532  INFO   --- [    Test worker] o.s.t.c.transaction.TransactionContext   : Rolled back transaction for test context [DefaultTestContext@5b846d5f testClass = LockMapperTest, testInstance = com.el.sys.mapper.LockMapperTest@76ed9f6c, testMethod = lock@LockMapperTest, testException = [null], mergedContextConfiguration = [MergedContextConfiguration@7ec18830 testClass = LockMapperTest, locations = '{}', classes = '{class com.el.test.TestRepositoryConfiguration}', contextInitializerClasses = '[]', activeProfiles = '{}', propertySourceLocations = '{}', propertySourceProperties = '{}', contextLoader = 'org.springframework.test.context.support.DelegatingSmartContextLoader', parent = [null]]].
]]></system-out>
  <system-err><![CDATA[]]></system-err>
</testsuite>
