<?xml version="1.0" encoding="UTF-8"?>
<testsuite name="com.el.sys.mapper.UdcMapperTest" tests="2" skipped="0" failures="0" errors="0" timestamp="2016-08-01T03:04:46" hostname="CharlesdeMacBook-Air.local" time="0.048">
  <properties/>
  <testcase name="codeNames" classname="com.el.sys.mapper.UdcMapperTest" time="0.035"/>
  <testcase name="codeName" classname="com.el.sys.mapper.UdcMapperTest" time="0.012"/>
  <system-out><![CDATA[2016-08-01 11:04:46.700  INFO   --- [    Test worker] o.s.t.c.s.DefaultTestContextBootstrapper : Loaded default TestExecutionListener class names from location [META-INF/spring.factories]: [org.springframework.test.context.web.ServletTestExecutionListener, org.springframework.test.context.support.DirtiesContextBeforeModesTestExecutionListener, org.springframework.test.context.support.DependencyInjectionTestExecutionListener, org.springframework.test.context.support.DirtiesContextTestExecutionListener, org.springframework.test.context.transaction.TransactionalTestExecutionListener, org.springframework.test.context.jdbc.SqlScriptsTestExecutionListener]
2016-08-01 11:04:46.701  INFO   --- [    Test worker] o.s.t.c.s.DefaultTestContextBootstrapper : Using TestExecutionListeners: [org.springframework.test.context.web.ServletTestExecutionListener@7ac9942, org.springframework.test.context.support.DirtiesContextBeforeModesTestExecutionListener@1f8329d6, org.springframework.test.context.support.DependencyInjectionTestExecutionListener@296a445e, org.springframework.test.context.support.DirtiesContextTestExecutionListener@ad2cf, org.springframework.test.context.transaction.TransactionalTestExecutionListener@630f2d05, org.springframework.test.context.jdbc.SqlScriptsTestExecutionListener@6544652b]
2016-08-01 11:04:46.712 DEBUG   --- [    Test worker] com.el.sys.mapper.UdcMapper.codeNames    : ==>  Preparing: SELECT UDC_CODE as code, VAL_DESC1 as name FROM T_UDC WHERE VAL_ENABLED = 1 AND DOMAIN_CODE = ? AND UDC_TYPE = ? ORDER BY UDC_CODE 
2016-08-01 11:04:46.715 DEBUG   --- [    Test worker] com.el.sys.mapper.UdcMapper.codeNames    : ==> Parameters: 00(String), EC(String)
2016-08-01 11:04:46.737 DEBUG   --- [    Test worker] com.el.sys.mapper.UdcMapper.codeNames    : <==      Total: 27
[APP-TEST] UDC of COUNTRY: 27
2016-08-01 11:04:46.747 DEBUG   --- [    Test worker] com.el.sys.mapper.UdcMapper.codeName     : ==>  Preparing: SELECT UDC_CODE as code, VAL_DESC1 as name FROM T_UDC WHERE VAL_ENABLED = 1 AND DOMAIN_CODE = ? AND UDC_TYPE = ? AND UDC_CODE = ? 
2016-08-01 11:04:46.748 DEBUG   --- [    Test worker] com.el.sys.mapper.UdcMapper.codeName     : ==> Parameters: 00(String), EC(String), NL(String)
2016-08-01 11:04:46.752 DEBUG   --- [    Test worker] com.el.sys.mapper.UdcMapper.codeName     : <==      Total: 1
[APP-TEST] UDC of COUNTRY/NL: CodeName{} KeyValue(key=NL, val=荷兰)
]]></system-out>
  <system-err><![CDATA[]]></system-err>
</testsuite>
