<?xml version="1.0" encoding="UTF-8"?>
<testsuite name="com.el.dev.DevGreetingControllerSpec" tests="1" skipped="0" failures="0" errors="0" timestamp="2016-08-01T03:04:39" hostname="CharlesdeMacBook-Air.local" time="2.275">
  <properties/>
  <testcase name="[DEV] 打一个招呼" classname="com.el.dev.DevGreetingControllerSpec" time="2.275"/>
  <system-out><![CDATA[11:04:39,542 |-INFO in ch.qos.logback.classic.LoggerContext[default] - Could NOT find resource [logback.groovy]
11:04:39,542 |-INFO in ch.qos.logback.classic.LoggerContext[default] - Could NOT find resource [logback-test.xml]
11:04:39,542 |-INFO in ch.qos.logback.classic.LoggerContext[default] - Found resource [logback.xml] at [file:/Users/billy/Documents/stp/stp-svr/build/resources/test/logback.xml]
11:04:39,543 |-WARN in ch.qos.logback.classic.LoggerContext[default] - Resource [logback.xml] occurs multiple times on the classpath.
11:04:39,543 |-WARN in ch.qos.logback.classic.LoggerContext[default] - Resource [logback.xml] occurs at [file:/Users/billy/Documents/stp/stp-svr/build/resources/main/logback.xml]
11:04:39,543 |-WARN in ch.qos.logback.classic.LoggerContext[default] - Resource [logback.xml] occurs at [file:/Users/billy/Documents/stp/stp-svr/build/resources/test/logback.xml]
11:04:39,637 |-INFO in ch.qos.logback.classic.joran.action.ConfigurationAction - debug attribute not set
11:04:39,646 |-INFO in ch.qos.logback.core.joran.util.ConfigurationWatchListUtil@34ecef38 - Adding [jar:file:/Users/billy/.gradle/caches/modules-2/files-2.1/org.springframework.boot/spring-boot/1.3.6.RELEASE/535e6024988998f891f1f9df403e804c093df06b/spring-boot-1.3.6.RELEASE.jar!/org/springframework/boot/logging/logback/defaults.xml] to configuration watch list.
11:04:39,646 |-INFO in ch.qos.logback.core.joran.spi.ConfigurationWatchList@51b84c7 - URL [jar:file:/Users/billy/.gradle/caches/modules-2/files-2.1/org.springframework.boot/spring-boot/1.3.6.RELEASE/535e6024988998f891f1f9df403e804c093df06b/spring-boot-1.3.6.RELEASE.jar!/org/springframework/boot/logging/logback/defaults.xml] is not of type file
11:04:39,651 |-INFO in ch.qos.logback.core.joran.action.ConversionRuleAction - registering conversion word clr with class [org.springframework.boot.logging.logback.ColorConverter]
11:04:39,651 |-INFO in ch.qos.logback.core.joran.action.ConversionRuleAction - registering conversion word wex with class [org.springframework.boot.logging.logback.WhitespaceThrowableProxyConverter]
11:04:39,651 |-INFO in ch.qos.logback.core.joran.action.ConversionRuleAction - registering conversion word wEx with class [org.springframework.boot.logging.logback.ExtendedWhitespaceThrowableProxyConverter]
11:04:39,655 |-INFO in ch.qos.logback.core.joran.action.AppenderAction - About to instantiate appender of type [org.springframework.boot.logging.logback.LevelRemappingAppender]
11:04:39,658 |-INFO in ch.qos.logback.core.joran.action.AppenderAction - Naming appender as [DEBUG_LEVEL_REMAPPER]
11:04:39,665 |-INFO in ch.qos.logback.classic.joran.action.LoggerAction - Setting level of logger [org.apache.catalina.startup.DigesterFactory] to ERROR
11:04:39,665 |-INFO in ch.qos.logback.classic.joran.action.LoggerAction - Setting level of logger [org.apache.catalina.util.LifecycleBase] to ERROR
11:04:39,665 |-INFO in ch.qos.logback.classic.joran.action.LoggerAction - Setting level of logger [org.apache.coyote.http11.Http11NioProtocol] to WARN
11:04:39,665 |-INFO in ch.qos.logback.classic.joran.action.LoggerAction - Setting level of logger [org.apache.sshd.common.util.SecurityUtils] to WARN
11:04:39,665 |-INFO in ch.qos.logback.classic.joran.action.LoggerAction - Setting level of logger [org.apache.tomcat.util.net.NioSelectorPool] to WARN
11:04:39,665 |-INFO in ch.qos.logback.classic.joran.action.LoggerAction - Setting level of logger [org.crsh.plugin] to WARN
11:04:39,665 |-INFO in ch.qos.logback.classic.joran.action.LoggerAction - Setting level of logger [org.crsh.ssh] to WARN
11:04:39,665 |-INFO in ch.qos.logback.classic.joran.action.LoggerAction - Setting level of logger [org.eclipse.jetty.util.component.AbstractLifeCycle] to ERROR
11:04:39,665 |-INFO in ch.qos.logback.classic.joran.action.LoggerAction - Setting level of logger [org.hibernate.validator.internal.util.Version] to WARN
11:04:39,666 |-INFO in ch.qos.logback.classic.joran.action.LoggerAction - Setting level of logger [org.springframework.boot.actuate.autoconfigure.CrshAutoConfiguration] to WARN
11:04:39,666 |-INFO in ch.qos.logback.classic.joran.action.LoggerAction - Setting additivity of logger [org.springframework.boot.actuate.endpoint.jmx] to false
11:04:39,666 |-INFO in ch.qos.logback.core.joran.action.AppenderRefAction - Attaching appender named [DEBUG_LEVEL_REMAPPER] to Logger[org.springframework.boot.actuate.endpoint.jmx]
11:04:39,666 |-INFO in ch.qos.logback.classic.joran.action.LoggerAction - Setting additivity of logger [org.thymeleaf] to false
11:04:39,666 |-INFO in ch.qos.logback.core.joran.action.AppenderRefAction - Attaching appender named [DEBUG_LEVEL_REMAPPER] to Logger[org.thymeleaf]
11:04:39,667 |-INFO in ch.qos.logback.core.joran.util.ConfigurationWatchListUtil@34ecef38 - Adding [jar:file:/Users/billy/.gradle/caches/modules-2/files-2.1/org.springframework.boot/spring-boot/1.3.6.RELEASE/535e6024988998f891f1f9df403e804c093df06b/spring-boot-1.3.6.RELEASE.jar!/org/springframework/boot/logging/logback/console-appender.xml] to configuration watch list.
11:04:39,667 |-INFO in ch.qos.logback.core.joran.spi.ConfigurationWatchList@51b84c7 - URL [jar:file:/Users/billy/.gradle/caches/modules-2/files-2.1/org.springframework.boot/spring-boot/1.3.6.RELEASE/535e6024988998f891f1f9df403e804c093df06b/spring-boot-1.3.6.RELEASE.jar!/org/springframework/boot/logging/logback/console-appender.xml] is not of type file
11:04:39,668 |-INFO in ch.qos.logback.core.joran.action.AppenderAction - About to instantiate appender of type [ch.qos.logback.core.ConsoleAppender]
11:04:39,672 |-INFO in ch.qos.logback.core.joran.action.AppenderAction - Naming appender as [CONSOLE]
11:04:39,673 |-INFO in ch.qos.logback.core.joran.action.NestedComplexPropertyIA - Assuming default type [ch.qos.logback.classic.encoder.PatternLayoutEncoder] for [encoder] property
11:04:39,727 |-INFO in ch.qos.logback.classic.joran.action.LoggerAction - Setting level of logger [com.el] to DEBUG
11:04:39,727 |-INFO in ch.qos.logback.classic.joran.action.RootLoggerAction - Setting level of ROOT logger to INFO
11:04:39,727 |-INFO in ch.qos.logback.core.joran.action.AppenderRefAction - Attaching appender named [CONSOLE] to Logger[ROOT]
11:04:39,727 |-INFO in ch.qos.logback.classic.joran.action.ConfigurationAction - End of configuration.
11:04:39,728 |-INFO in ch.qos.logback.classic.joran.JoranConfigurator@1dea5fb9 - Registering current configuration as safe fallback point

2016-08-01 11:04:40.280  INFO   --- [    Test worker] ilder$StaticRequestMappingHandlerMapping : Mapped "{[/dev/greeting]}" onto public com.el.dev.domain.DevGreeting com.el.dev.DevGreetingController.greeting(java.lang.String)
2016-08-01 11:04:40.299  INFO   --- [    Test worker] ilder$StaticRequestMappingHandlerMapping : Mapped "{[/dev/map_data]}" onto public java.util.Map<java.math.BigDecimal, java.math.BigDecimal> com.el.dev.DevGreetingController.mapData()
2016-08-01 11:04:41.026  INFO   --- [    Test worker] s.w.s.m.m.a.RequestMappingHandlerAdapter : Looking for @ControllerAdvice: org.springframework.test.web.servlet.setup.StubWebApplicationContext@f11fa4
2016-08-01 11:04:41.159  INFO   --- [    Test worker] o.s.mock.web.MockServletContext          : Initializing Spring FrameworkServlet ''
2016-08-01 11:04:41.159  INFO   --- [    Test worker] o.s.t.web.servlet.TestDispatcherServlet  : FrameworkServlet '': initialization started
2016-08-01 11:04:41.163  INFO   --- [    Test worker] o.s.t.web.servlet.TestDispatcherServlet  : FrameworkServlet '': initialization completed in 4 ms
2016-08-01 11:04:41.292 DEBUG   --- [    Test worker] com.el.dev.DevGreetingController         : [SMS] DevGreeting of SMS
]]></system-out>
  <system-err><![CDATA[]]></system-err>
</testsuite>
