<?xml version="1.0" encoding="UTF-8"?>
<testsuite name="com.el.util.SqlUtilTest" tests="13" skipped="0" failures="0" errors="0" timestamp="2016-08-01T03:04:47" hostname="CharlesdeMacBook-Air.local" time="0.006">
  <properties/>
  <testcase name="toSqlStringSet_null_only" classname="com.el.util.SqlUtilTest" time="0.002"/>
  <testcase name="toSqlLikeString_null" classname="com.el.util.SqlUtilTest" time="0.001"/>
  <testcase name="toSqlStringSet_null" classname="com.el.util.SqlUtilTest" time="0.0"/>
  <testcase name="toSqlNumberSet" classname="com.el.util.SqlUtilTest" time="0.001"/>
  <testcase name="toSqlNumberSet_null" classname="com.el.util.SqlUtilTest" time="0.0"/>
  <testcase name="toSqlString_empty" classname="com.el.util.SqlUtilTest" time="0.0"/>
  <testcase name="toSqlNumberSet_empty" classname="com.el.util.SqlUtilTest" time="0.0"/>
  <testcase name="toSqlString_null" classname="com.el.util.SqlUtilTest" time="0.0"/>
  <testcase name="toSqlLikeString_empty" classname="com.el.util.SqlUtilTest" time="0.0"/>
  <testcase name="toSqlString" classname="com.el.util.SqlUtilTest" time="0.0"/>
  <testcase name="toSqlNumberSet_null_only" classname="com.el.util.SqlUtilTest" time="0.0"/>
  <testcase name="toSqlStringSet_empty" classname="com.el.util.SqlUtilTest" time="0.0"/>
  <testcase name="toSqlStringSet" classname="com.el.util.SqlUtilTest" time="0.0"/>
  <system-out><![CDATA[]]></system-out>
  <system-err><![CDATA[]]></system-err>
</testsuite>
