<?xml version="1.0" encoding="UTF-8"?>
<testsuite name="com.el.dev.tdd.fizzbuzzwhizz.RuleSpec" tests="1" skipped="0" failures="0" errors="0" timestamp="2016-08-01T03:04:41" hostname="CharlesdeMacBook-Air.local" time="0.112">
  <properties/>
  <testcase name="fizz buzz whizz" classname="com.el.dev.tdd.fizzbuzzwhizz.RuleSpec" time="0.112"/>
  <system-out><![CDATA[]]></system-out>
  <system-err><![CDATA[]]></system-err>
</testsuite>
