<?xml version="1.0" encoding="UTF-8"?>
<testsuite name="com.el.sys.mapper.DbSeqMapperTest" tests="3" skipped="0" failures="0" errors="0" timestamp="2016-08-01T03:04:44" hostname="CharlesdeMacBook-Air.local" time="1.533">
  <properties/>
  <testcase name="updateCounter" classname="com.el.sys.mapper.DbSeqMapperTest" time="1.459"/>
  <testcase name="insertCounter" classname="com.el.sys.mapper.DbSeqMapperTest" time="0.027"/>
  <testcase name="selectCounter" classname="com.el.sys.mapper.DbSeqMapperTest" time="0.045"/>
  <system-out><![CDATA[2016-08-01 11:04:42.744  INFO   --- [    Test worker] o.s.t.c.s.DefaultTestContextBootstrapper : Loaded default TestExecutionListener class names from location [META-INF/spring.factories]: [org.springframework.test.context.web.ServletTestExecutionListener, org.springframework.test.context.support.DirtiesContextBeforeModesTestExecutionListener, org.springframework.test.context.support.DependencyInjectionTestExecutionListener, org.springframework.test.context.support.DirtiesContextTestExecutionListener, org.springframework.test.context.transaction.TransactionalTestExecutionListener, org.springframework.test.context.jdbc.SqlScriptsTestExecutionListener]
2016-08-01 11:04:42.744  INFO   --- [    Test worker] o.s.t.c.s.DefaultTestContextBootstrapper : Using TestExecutionListeners: [org.springframework.test.context.web.ServletTestExecutionListener@44ec20c9, org.springframework.test.context.support.DirtiesContextBeforeModesTestExecutionListener@41be9a85, org.springframework.test.context.support.DependencyInjectionTestExecutionListener@7c993d5, org.springframework.test.context.support.DirtiesContextTestExecutionListener@29dc1c87, org.springframework.test.context.transaction.TransactionalTestExecutionListener@c938b1d, org.springframework.test.context.jdbc.SqlScriptsTestExecutionListener@394c52b8]
2016-08-01 11:04:42.766  INFO   --- [    Test worker] o.s.c.support.GenericApplicationContext  : Refreshing org.springframework.context.support.GenericApplicationContext@7250297f: startup date [Mon Aug 01 11:04:42 CST 2016]; root of context hierarchy
2016-08-01 11:04:43.763 DEBUG   --- [    Test worker] uration$$EnhancerBySpringCGLIB$$8ff9644e : [APP-BEAN] transactionManager
2016-08-01 11:04:43.775 DEBUG   --- [    Test worker] uration$$EnhancerBySpringCGLIB$$8ff9644e : [APP-BEAN] dataSource: RepositoryConfig{driverClassName='oracle.jdbc.OracleDriver', url='jdbc:oracle:thin:@192.168.0.146:1521:orcl', username='stdev', password='123456'}
2016-08-01 11:04:43.812 DEBUG   --- [    Test worker] uration$$EnhancerBySpringCGLIB$$8ff9644e : [APP-BEAN] sqlSessionFactory
2016-08-01 11:04:46.154  INFO   --- [    Test worker] o.s.t.c.transaction.TransactionContext   : Began transaction (1) for test context [DefaultTestContext@5c63bc94 testClass = DbSeqMapperTest, testInstance = com.el.sys.mapper.DbSeqMapperTest@5ffde1, testMethod = updateCounter@DbSeqMapperTest, testException = [null], mergedContextConfiguration = [MergedContextConfiguration@3b6e9e1a testClass = DbSeqMapperTest, locations = '{}', classes = '{class com.el.test.TestRepositoryConfiguration}', contextInitializerClasses = '[]', activeProfiles = '{}', propertySourceLocations = '{}', propertySourceProperties = '{}', contextLoader = 'org.springframework.test.context.support.DelegatingSmartContextLoader', parent = [null]]]; transaction manager [org.springframework.jdbc.datasource.DataSourceTransactionManager@5b5daccc]; rollback [true]
2016-08-01 11:04:46.183 DEBUG   --- [    Test worker] c.e.s.mapper.DbSeqMapper.updateCounter   : ==>  Preparing: update S_COUNTERS set COUNTER_KEY = ? , COUNTER_VAL = ? where COUNTER_CODE = ? 
2016-08-01 11:04:46.247 DEBUG   --- [    Test worker] c.e.s.mapper.DbSeqMapper.updateCounter   : ==> Parameters: A20160727(String), 1(Integer), ORDER(String)
2016-08-01 11:04:46.256 DEBUG   --- [    Test worker] c.e.s.mapper.DbSeqMapper.updateCounter   : <==    Updates: 0
2016-08-01 11:04:46.261  INFO   --- [    Test worker] o.s.t.c.transaction.TransactionContext   : Rolled back transaction for test context [DefaultTestContext@5c63bc94 testClass = DbSeqMapperTest, testInstance = com.el.sys.mapper.DbSeqMapperTest@5ffde1, testMethod = updateCounter@DbSeqMapperTest, testException = [null], mergedContextConfiguration = [MergedContextConfiguration@3b6e9e1a testClass = DbSeqMapperTest, locations = '{}', classes = '{class com.el.test.TestRepositoryConfiguration}', contextInitializerClasses = '[]', activeProfiles = '{}', propertySourceLocations = '{}', propertySourceProperties = '{}', contextLoader = 'org.springframework.test.context.support.DelegatingSmartContextLoader', parent = [null]]].
2016-08-01 11:04:46.264  INFO   --- [    Test worker] o.s.t.c.transaction.TransactionContext   : Began transaction (1) for test context [DefaultTestContext@5c63bc94 testClass = DbSeqMapperTest, testInstance = com.el.sys.mapper.DbSeqMapperTest@6ccb5bfb, testMethod = insertCounter@DbSeqMapperTest, testException = [null], mergedContextConfiguration = [MergedContextConfiguration@3b6e9e1a testClass = DbSeqMapperTest, locations = '{}', classes = '{class com.el.test.TestRepositoryConfiguration}', contextInitializerClasses = '[]', activeProfiles = '{}', propertySourceLocations = '{}', propertySourceProperties = '{}', contextLoader = 'org.springframework.test.context.support.DelegatingSmartContextLoader', parent = [null]]]; transaction manager [org.springframework.jdbc.datasource.DataSourceTransactionManager@5b5daccc]; rollback [true]
2016-08-01 11:04:46.265 DEBUG   --- [    Test worker] c.e.s.mapper.DbSeqMapper.insertCounter   : ==>  Preparing: insert into S_COUNTERS (COUNTER_CODE, COUNTER_DESC, COUNTER_KEY, COUNTER_MAX, COUNTER_VAL) values (?, ?, ?, ?, ?) 
2016-08-01 11:04:46.265 DEBUG   --- [    Test worker] c.e.s.mapper.DbSeqMapper.insertCounter   : ==> Parameters: ORDER(String), 订单流水(String), A20160727(String), 9999(Integer), 1(Integer)
2016-08-01 11:04:46.283 DEBUG   --- [    Test worker] c.e.s.mapper.DbSeqMapper.insertCounter   : <==    Updates: 1
2016-08-01 11:04:46.288  INFO   --- [    Test worker] o.s.t.c.transaction.TransactionContext   : Rolled back transaction for test context [DefaultTestContext@5c63bc94 testClass = DbSeqMapperTest, testInstance = com.el.sys.mapper.DbSeqMapperTest@6ccb5bfb, testMethod = insertCounter@DbSeqMapperTest, testException = [null], mergedContextConfiguration = [MergedContextConfiguration@3b6e9e1a testClass = DbSeqMapperTest, locations = '{}', classes = '{class com.el.test.TestRepositoryConfiguration}', contextInitializerClasses = '[]', activeProfiles = '{}', propertySourceLocations = '{}', propertySourceProperties = '{}', contextLoader = 'org.springframework.test.context.support.DelegatingSmartContextLoader', parent = [null]]].
2016-08-01 11:04:46.292  INFO   --- [    Test worker] o.s.t.c.transaction.TransactionContext   : Began transaction (1) for test context [DefaultTestContext@5c63bc94 testClass = DbSeqMapperTest, testInstance = com.el.sys.mapper.DbSeqMapperTest@63af7dcc, testMethod = selectCounter@DbSeqMapperTest, testException = [null], mergedContextConfiguration = [MergedContextConfiguration@3b6e9e1a testClass = DbSeqMapperTest, locations = '{}', classes = '{class com.el.test.TestRepositoryConfiguration}', contextInitializerClasses = '[]', activeProfiles = '{}', propertySourceLocations = '{}', propertySourceProperties = '{}', contextLoader = 'org.springframework.test.context.support.DelegatingSmartContextLoader', parent = [null]]]; transaction manager [org.springframework.jdbc.datasource.DataSourceTransactionManager@5b5daccc]; rollback [true]
2016-08-01 11:04:46.298 DEBUG   --- [    Test worker] c.e.s.mapper.DbSeqMapper.selectCounter   : ==>  Preparing: select COUNTER_CODE as counterCode , COUNTER_KEY as counterKey , COUNTER_MAX as counterMax , COUNTER_VAL as counterVal from S_COUNTERS where COUNTER_CODE = ? 
2016-08-01 11:04:46.298 DEBUG   --- [    Test worker] c.e.s.mapper.DbSeqMapper.selectCounter   : ==> Parameters: ORDER(String)
2016-08-01 11:04:46.321 DEBUG   --- [    Test worker] c.e.s.mapper.DbSeqMapper.selectCounter   : <==      Total: 0
2016-08-01 11:04:46.334  INFO   --- [    Test worker] o.s.t.c.transaction.TransactionContext   : Rolled back transaction for test context [DefaultTestContext@5c63bc94 testClass = DbSeqMapperTest, testInstance = com.el.sys.mapper.DbSeqMapperTest@63af7dcc, testMethod = selectCounter@DbSeqMapperTest, testException = [null], mergedContextConfiguration = [MergedContextConfiguration@3b6e9e1a testClass = DbSeqMapperTest, locations = '{}', classes = '{class com.el.test.TestRepositoryConfiguration}', contextInitializerClasses = '[]', activeProfiles = '{}', propertySourceLocations = '{}', propertySourceProperties = '{}', contextLoader = 'org.springframework.test.context.support.DelegatingSmartContextLoader', parent = [null]]].
]]></system-out>
  <system-err><![CDATA[]]></system-err>
</testsuite>
