<?xml version="1.0" encoding="UTF-8"?>
<testsuite name="com.el.sys.domain.MenuTreeBuilderTest" tests="3" skipped="0" failures="0" errors="0" timestamp="2016-08-01T03:04:42" hostname="CharlesdeMacBook-Air.local" time="0.03">
  <properties/>
  <testcase name="menusOfPM" classname="com.el.sys.domain.MenuTreeBuilderTest" time="0.022"/>
  <testcase name="menusOfXX" classname="com.el.sys.domain.MenuTreeBuilderTest" time="0.002"/>
  <testcase name="menusOfDEV" classname="com.el.sys.domain.MenuTreeBuilderTest" time="0.001"/>
  <system-out><![CDATA[2016-08-01 11:04:42.702 DEBUG   --- [    Test worker] com.el.sys.domain.MenuTreeBuilder        : [APP-MENU] allMenus: [Menu(menuId=pm001, menuIco=null, menuLbl=null, menuFix=0, upperId=pm, menuOrder=0, menuRoles=[DEV, PM]), Menu(menuId=pm002, menuIco=null, menuLbl=null, menuFix=0, upperId=pm, menuOrder=0, menuRoles=[XX, DEV, PM]), Menu(menuId=ui001, menuIco=null, menuLbl=null, menuFix=0, upperId=ui, menuOrder=0, menuRoles=[DEV]), Menu(menuId=ui002, menuIco=null, menuLbl=null, menuFix=0, upperId=ui, menuOrder=0, menuRoles=[XX, DEV]), Menu(menuId=home, menuIco=null, menuLbl=null, menuFix=0, upperId=, menuOrder=0, menuRoles=null), Menu(menuId=pm, menuIco=null, menuLbl=null, menuFix=0, upperId=, menuOrder=0, menuRoles=[DEV, PM]), Menu(menuId=ui, menuIco=null, menuLbl=null, menuFix=0, upperId=, menuOrder=0, menuRoles=[XX, DEV])]
2016-08-01 11:04:42.725 DEBUG   --- [    Test worker] com.el.sys.domain.MenuTreeBuilder        : [APP-MENU] allMenus: [Menu(menuId=pm001, menuIco=null, menuLbl=null, menuFix=0, upperId=pm, menuOrder=0, menuRoles=[DEV, PM]), Menu(menuId=pm002, menuIco=null, menuLbl=null, menuFix=0, upperId=pm, menuOrder=0, menuRoles=[XX, DEV, PM]), Menu(menuId=ui001, menuIco=null, menuLbl=null, menuFix=0, upperId=ui, menuOrder=0, menuRoles=[DEV]), Menu(menuId=ui002, menuIco=null, menuLbl=null, menuFix=0, upperId=ui, menuOrder=0, menuRoles=[XX, DEV]), Menu(menuId=home, menuIco=null, menuLbl=null, menuFix=0, upperId=, menuOrder=0, menuRoles=null), Menu(menuId=pm, menuIco=null, menuLbl=null, menuFix=0, upperId=, menuOrder=0, menuRoles=[DEV, PM]), Menu(menuId=ui, menuIco=null, menuLbl=null, menuFix=0, upperId=, menuOrder=0, menuRoles=[XX, DEV])]
2016-08-01 11:04:42.726  WARN   --- [    Test worker] com.el.sys.domain.MenuTreeBuilder        : [APP-MENU] upper menu is not found or not accessible: pm002
2016-08-01 11:04:42.727 DEBUG   --- [    Test worker] com.el.sys.domain.MenuTreeBuilder        : [APP-MENU] allMenus: [Menu(menuId=pm001, menuIco=null, menuLbl=null, menuFix=0, upperId=pm, menuOrder=0, menuRoles=[DEV, PM]), Menu(menuId=pm002, menuIco=null, menuLbl=null, menuFix=0, upperId=pm, menuOrder=0, menuRoles=[XX, DEV, PM]), Menu(menuId=ui001, menuIco=null, menuLbl=null, menuFix=0, upperId=ui, menuOrder=0, menuRoles=[DEV]), Menu(menuId=ui002, menuIco=null, menuLbl=null, menuFix=0, upperId=ui, menuOrder=0, menuRoles=[XX, DEV]), Menu(menuId=home, menuIco=null, menuLbl=null, menuFix=0, upperId=, menuOrder=0, menuRoles=null), Menu(menuId=pm, menuIco=null, menuLbl=null, menuFix=0, upperId=, menuOrder=0, menuRoles=[DEV, PM]), Menu(menuId=ui, menuIco=null, menuLbl=null, menuFix=0, upperId=, menuOrder=0, menuRoles=[XX, DEV])]
]]></system-out>
  <system-err><![CDATA[]]></system-err>
</testsuite>
